Arguments: 
  C:\Program Files\nodejs\node.exe C:\Users\Shigure\AppData\Roaming\npm\node_modules\yarn\bin\yarn.js add react-modal

PATH: 
  C:\Windows\system32;C:\Windows;C:\Windows\System32\Wbem;C:\Windows\System32\WindowsPowerShell\v1.0\;C:\Windows\System32\OpenSSH\;C:\Program Files\Git\cmd;C:\Program Files\Java\jdk1.8.0_172\bin;C:\Users\Shigure\AppData\Local\Android\Sdk\build-tools;C:\Users\Shigure\AppData\Local\Android\Sdk\platform-tools;C:\gradle-6.8.2\bin;C:\Python27\Scripts;C:\Program Files\nodejs\;C:\ProgramData\chocolatey\bin;C:\flutter\flutter\bin;C:\Users\Shigure\AppData\Local\Microsoft\WindowsApps;C:\Users\Shigure\AppData\Local\Programs\Microsoft VS Code\bin;C:\Users\Shigure\AppData\Roaming\npm

Yarn version: 
  1.22.10

Node version: 
  13.10.0

Platform: 
  win32 x64

Trace: 
  Error: EPERM: operation not permitted, unlink 'C:\Users\Shigure\Downloads\Compressed\react-fetch-rest-api-master\react-fetch-rest-api-master\node_modules\node-sass\vendor\win32-x64-79\binding.node'

npm manifest: 
  {
    "name": "reactjs-fetch-rest-api",
    "version": "0.1.0",
    "private": true,
    "dependencies": {
      "@testing-library/jest-dom": "^4.2.4",
      "@testing-library/react": "^9.4.0",
      "@testing-library/user-event": "^7.2.1",
      "axios": "^0.21.1",
      "node-sass": "^4.13.1",
      "react": "^16.12.0",
      "react-dom": "^16.12.0",
      "react-modal": "^3.12.1",
      "react-router-dom": "^5.1.2",
      "react-scripts": "3.4.0",
      "redux": "^4.0.5"
    },
    "scripts": {
      "start": "react-scripts start",
      "build": "react-scripts build",
      "test": "react-scripts test",
      "eject": "react-scripts eject"
    },
    "eslintConfig": {
      "extends": "react-app"
    },
    "browserslist": {
      "production": [
        ">0.2%",
        "not dead",
        "not op_mini all"
      ],
      "development": [
        "last 1 chrome version",
        "last 1 firefox version",
        "last 1 safari version"
      ]
    }
  }

yarn manifest: 
  No manifest

Lockfile: 
  No lockfile
